check_db.ts(3,25): error TS2307: Cannot find module 'dotenv' or its corresponding type declarations.
components/ErrorBoundary.tsx(65,21): error TS2339: Property 'props' does not exist on type 'ErrorBoundary'.
